生成启动时间为 2016/9/29 19:56:58。
     1>项目“E:\Programing\C语言\MatriProgram\MatriProgram\MatriProgram.vcxproj”在节点 2 上(build 个目标)。
     1>InitializeBuildStatus:
         正在创建“Debug\MatriProgram.unsuccessfulbuild”，因为已指定“AlwaysCreate”。
       ClCompile:
         d:\开发软件\VS2010\VC\bin\CL.exe /c /ZI /nologo /W3 /WX- /Od /Oy- /D _MBCS /Gm /EHsc /RTC1 /MDd /GS /fp:precise /Zc:wchar_t /Zc:forScope /Fo"Debug\\" /Fd"Debug\vc100.pdb" /Gd /TP /analyze- /errorReport:prompt First.cpp
         First.cpp
     1>e:\programing\c语言\matriprogram\matriprogram\first.cpp(223): warning C4717: “Test”: 如递归所有控件路径，函数将导致运行时堆栈溢出
       Link:
         d:\开发软件\VS2010\VC\bin\link.exe /ERRORREPORT:PROMPT /OUT:"E:\Programing\C语言\MatriProgram\Debug\MatriProgram.exe" /NOLOGO kernel32.lib user32.lib gdi32.lib winspool.lib comdlg32.lib advapi32.lib shell32.lib ole32.lib oleaut32.lib uuid.lib odbc32.lib odbccp32.lib /MANIFEST /ManifestFile:"Debug\MatriProgram.exe.intermediate.manifest" /MANIFESTUAC:"level='asInvoker' uiAccess='false'" /DEBUG /PDB:"E:\Programing\C语言\MatriProgram\Debug\MatriProgram.pdb" /TLBID:1 /DYNAMICBASE /NXCOMPAT /IMPLIB:"E:\Programing\C语言\MatriProgram\Debug\MatriProgram.lib" /MACHINE:X86 Debug\First.obj
         LINK : 没有找到 E:\Programing\C语言\MatriProgram\Debug\MatriProgram.exe 或上一个增量链接没有生成它；正在执行完全链接
         MatriProgram.vcxproj -> E:\Programing\C语言\MatriProgram\Debug\MatriProgram.exe
       Manifest:
         C:\Program Files (x86)\Microsoft SDKs\Windows\v7.0A\bin\mt.exe /nologo /verbose /outputresource:"E:\Programing\C语言\MatriProgram\Debug\MatriProgram.exe;#1" /manifest Debug\MatriProgram.exe.intermediate.manifest
       FinalizeBuildStatus:
         正在删除文件“Debug\MatriProgram.unsuccessfulbuild”。
         正在对“Debug\MatriProgram.lastbuildstate”执行 Touch 任务。
     1>已完成生成项目“E:\Programing\C语言\MatriProgram\MatriProgram\MatriProgram.vcxproj”(build 个目标)的操作。

生成成功。

已用时间 00:00:24.34
